17:25:31.163 [main] INFO  api.test.User_Test - ************ Creating User ************
17:25:49.281 [main] INFO  api.test.User_Test - ************ User is Created ************
17:25:49.377 [main] INFO  api.test.User_Test - ************ Reading User ************
17:25:51.402 [main] INFO  api.test.User_Test - ************ User got display ************
17:25:51.418 [main] INFO  api.test.User_Test - ************ Update User************
17:25:53.137 [main] INFO  api.test.User_Test - ************ User got updated ************
17:25:53.137 [main] INFO  api.test.User_Test - ************ Displaying Updated User ************
17:25:54.869 [main] INFO  api.test.User_Test - ************ Updated user got display ************
17:25:54.884 [main] INFO  api.test.User_Test - ************ Deleting User ************
17:25:56.686 [main] INFO  api.test.User_Test - ************ User got Deleted ************
19:07:43.094 [main] INFO  api.test.User_Test2 - ************ Creating User ************
19:07:58.413 [main] INFO  api.test.User_Test2 - ************ User is Created ************
19:07:58.593 [main] INFO  api.test.User_Test2 - ************ Reading User ************
19:08:01.250 [main] INFO  api.test.User_Test2 - ************ User got display ************
19:08:01.272 [main] INFO  api.test.User_Test2 - ************ Update User************
19:08:03.190 [main] INFO  api.test.User_Test2 - ************ User got updated ************
19:08:03.190 [main] INFO  api.test.User_Test2 - ************ Displaying Updated User ************
19:08:04.919 [main] INFO  api.test.User_Test2 - ************ Updated user got display ************
19:08:04.931 [main] INFO  api.test.User_Test2 - ************ Deleting User ************
19:08:07.068 [main] INFO  api.test.User_Test2 - ************ User got Deleted ************
19:20:55.825 [main] INFO  api.test.User_Test2 - ************ Creating User ************
19:21:06.568 [main] INFO  api.test.User_Test2 - ************ User is Created ************
19:21:06.751 [main] INFO  api.test.User_Test2 - ************ Reading User ************
19:21:09.199 [main] INFO  api.test.User_Test2 - ************ User got display ************
19:21:09.207 [main] INFO  api.test.User_Test2 - ************ Update User************
19:21:10.997 [main] INFO  api.test.User_Test2 - ************ User got updated ************
19:21:10.997 [main] INFO  api.test.User_Test2 - ************ Displaying Updated User ************
19:21:12.700 [main] INFO  api.test.User_Test2 - ************ Updated user got display ************
19:21:12.714 [main] INFO  api.test.User_Test2 - ************ Deleting User ************
19:21:14.426 [main] INFO  api.test.User_Test2 - ************ User got Deleted ************
11:44:57.838 [main] INFO  api.test.User_Test2 - ************ Creating User ************
11:45:17.005 [main] INFO  api.test.User_Test2 - ************ User is Created ************
11:45:17.093 [main] INFO  api.test.User_Test2 - ************ Reading User ************
11:45:20.231 [main] INFO  api.test.User_Test2 - ************ User got display ************
11:45:20.240 [main] INFO  api.test.User_Test2 - ************ Update User************
11:45:22.467 [main] INFO  api.test.User_Test2 - ************ User got updated ************
11:45:22.468 [main] INFO  api.test.User_Test2 - ************ Displaying Updated User ************
11:45:24.520 [main] INFO  api.test.User_Test2 - ************ Updated user got display ************
11:45:24.529 [main] INFO  api.test.User_Test2 - ************ Deleting User ************
11:45:27.479 [main] INFO  api.test.User_Test2 - ************ User got Deleted ************
